[0.095s] Invoking command in '/home/pi4/ros2_test/build/gpio_test': CMAKE_PREFIX_PATH=/opt/ros/foxy /bin/cmake /home/pi4/ros2_test/src/gpio_test -DCMAKE_INSTALL_PREFIX=/home/pi4/ros2_test/install/gpio_test
[0.163s] -- Found ament_cmake: 0.9.9 (/opt/ros/foxy/share/ament_cmake/cmake)
[0.273s] -- Using PYTHON_EXECUTABLE: /bin/python3
[1.097s] -- Found rclcpp: 2.4.1 (/opt/ros/foxy/share/rclcpp/cmake)
[1.274s] -- Using all available rosidl_typesupport_c: rosidl_typesupport_fastrtps_c;rosidl_typesupport_introspection_c
[1.287s] -- Found rosidl_adapter: 1.2.1 (/opt/ros/foxy/share/rosidl_adapter/cmake)
[2.263s] -- Using all available rosidl_typesupport_cpp: rosidl_typesupport_fastrtps_cpp;rosidl_typesupport_introspection_cpp
[2.443s] -- Found rmw_implementation_cmake: 1.0.3 (/opt/ros/foxy/share/rmw_implementation_cmake/cmake)
[2.452s] -- Using RMW implementation 'rmw_fastrtps_cpp' as default
[2.965s] -- Found ament_lint_auto: 0.9.6 (/opt/ros/foxy/share/ament_lint_auto/cmake)
[3.233s] -- Added test 'copyright' to check source files copyright and LICENSE
[3.239s] -- Added test 'cppcheck' to perform static code analysis on C / C++ code
[3.239s] -- Configured cppcheck include dirs: 
[3.240s] -- Configured cppcheck exclude dirs and/or files: 
[3.248s] -- Added test 'cpplint' to check C / C++ code against the Google style
[3.249s] -- Configured cpplint exclude dirs and/or files: 
[3.251s] -- Added test 'lint_cmake' to check CMake code style
[3.257s] -- Added test 'uncrustify' to check C / C++ code style
[3.258s] -- Configured uncrustify additional arguments: 
[3.259s] -- Added test 'xmllint' to check XML markup files
[3.276s] -- Configuring done
[3.291s] -- Generating done
[3.296s] -- Build files have been written to: /home/pi4/ros2_test/build/gpio_test
[3.320s] Invoked command in '/home/pi4/ros2_test/build/gpio_test' returned '0': CMAKE_PREFIX_PATH=/opt/ros/foxy /bin/cmake /home/pi4/ros2_test/src/gpio_test -DCMAKE_INSTALL_PREFIX=/home/pi4/ros2_test/install/gpio_test
[3.330s] Invoking command in '/home/pi4/ros2_test/build/gpio_test': CMAKE_PREFIX_PATH=/opt/ros/foxy /bin/cmake --build /home/pi4/ros2_test/build/gpio_test -- -j4 -l4
[3.508s] [35m[1mScanning dependencies of target gpio[0m
[3.560s] [ 50%] [32mBuilding CXX object CMakeFiles/gpio.dir/src/gpio.cpp.o[0m
[3.629s] [01m[K/home/pi4/ros2_test/src/gpio_test/src/gpio.cpp:3:10:[m[K [01;31m[Kfatal error: [m[Krclcpp/rclcpp.hpp: No such file or directory
[3.630s]     3 | #include [01;31m[K<rclcpp/rclcpp.hpp>[m[K
[3.631s]       |          [01;31m[K^~~~~~~~~~~~~~~~~~~[m[K
[3.631s] compilation terminated.
[3.635s] make[2]: *** [CMakeFiles/gpio.dir/build.make:63: CMakeFiles/gpio.dir/src/gpio.cpp.o] Error 1
[3.635s] make[1]: *** [CMakeFiles/Makefile2:78: CMakeFiles/gpio.dir/all] Error 2
[3.636s] make: *** [Makefile:141: all] Error 2
[3.642s] Invoked command in '/home/pi4/ros2_test/build/gpio_test' returned '2': CMAKE_PREFIX_PATH=/opt/ros/foxy /bin/cmake --build /home/pi4/ros2_test/build/gpio_test -- -j4 -l4
