[0.104s] Invoking command in '/home/pi4/ros2_test/build/gpio_test': CMAKE_PREFIX_PATH=${CMAKE_PREFIX_PATH}:/opt/ros/foxy /bin/cmake --build /home/pi4/ros2_test/build/gpio_test -- -j4 -l4
[0.330s] [35m[1mScanning dependencies of target gpio[0m
[0.504s] [ 50%] [32mBuilding CXX object CMakeFiles/gpio.dir/src/I2C_test.cpp.o[0m
[6.629s] In file included from [01m[K/home/pi4/ros2_test/src/gpio_test/src/I2C_test.cpp:10[m[K:
[6.630s] [01m[K/home/pi4/ros2_test/src/gpio_test/include/I2C.hpp:[m[K In member function â€˜[01m[Kvoid I2C::read(unsigned char, char*, unsigned int)[m[Kâ€™:
[6.631s] [01m[K/home/pi4/ros2_test/src/gpio_test/include/I2C.hpp:38:66:[m[K [01;35m[Kwarning: [m[Kunused parameter â€˜[01m[Kcount[m[Kâ€™ [[01;35m[K-Wunused-parameter[m[K]
[6.631s]    38 |     void read(unsigned char reg_addr, char* buffer, [01;35m[Kunsigned int count[m[K){
[6.632s]       |                                                     [01;35m[K~~~~~~~~~~~~~^~~~~[m[K
[6.655s] [01m[K/home/pi4/ros2_test/src/gpio_test/src/I2C_test.cpp:[m[K In function â€˜[01m[Kint main(int, char**)[m[Kâ€™:
[6.656s] [01m[K/home/pi4/ros2_test/src/gpio_test/src/I2C_test.cpp:35:36:[m[K [01;31m[Kerror: [m[Kâ€˜[01m[KI2C::I2C(unsigned char, int)[m[Kâ€™ is private within this context
[6.657s]    35 |     I2C i2c(MPU9250_SLAVE_ADDR_HIGH[01;31m[K)[m[K;
[6.658s]       |                                    [01;31m[K^[m[K
[6.660s] In file included from [01m[K/home/pi4/ros2_test/src/gpio_test/src/I2C_test.cpp:10[m[K:
[6.662s] [01m[K/home/pi4/ros2_test/src/gpio_test/include/I2C.hpp:11:5:[m[K [01;36m[Knote: [m[Kdeclared private here
[6.663s]    11 |     [01;36m[KI2C[m[K( unsigned char slave_addr, int i2cBus = 1){
[6.665s]       |     [01;36m[K^~~[m[K
[6.666s] [01m[K/home/pi4/ros2_test/src/gpio_test/src/I2C_test.cpp:35:36:[m[K [01;31m[Kerror: [m[Kâ€˜[01m[KI2C::~I2C()[m[Kâ€™ is private within this context
[6.667s]    35 |     I2C i2c(MPU9250_SLAVE_ADDR_HIGH[01;31m[K)[m[K;
[6.668s]       |                                    [01;31m[K^[m[K
[6.669s] In file included from [01m[K/home/pi4/ros2_test/src/gpio_test/src/I2C_test.cpp:10[m[K:
[6.669s] [01m[K/home/pi4/ros2_test/src/gpio_test/include/I2C.hpp:17:5:[m[K [01;36m[Knote: [m[Kdeclared private here
[6.670s]    17 |     [01;36m[K~[m[KI2C(){
[6.671s]       |     [01;36m[K^[m[K
[6.718s] [01m[K/home/pi4/ros2_test/src/gpio_test/src/I2C_test.cpp:64:19:[m[K [01;31m[Kerror: [m[Kâ€˜[01m[Kimu_i2c[m[Kâ€™ was not declared in this scope
[6.719s]    64 |     i2c_close(pi, [01;31m[Kimu_i2c[m[K);
[6.719s]       |                   [01;31m[K^~~~~~~[m[K
[10.259s] make[2]: *** [CMakeFiles/gpio.dir/build.make:63: CMakeFiles/gpio.dir/src/I2C_test.cpp.o] Error 1
[10.260s] make[1]: *** [CMakeFiles/Makefile2:78: CMakeFiles/gpio.dir/all] Error 2
[10.261s] make: *** [Makefile:141: all] Error 2
[10.266s] Invoked command in '/home/pi4/ros2_test/build/gpio_test' returned '2': CMAKE_PREFIX_PATH=${CMAKE_PREFIX_PATH}:/opt/ros/foxy /bin/cmake --build /home/pi4/ros2_test/build/gpio_test -- -j4 -l4
