[0.085s] Invoking command in '/home/pi4/ros2_test/build/gpio_test': CMAKE_PREFIX_PATH=/opt/ros/foxy /bin/cmake --build /home/pi4/ros2_test/build/gpio_test -- -j4 -l4
[0.221s] -- Found ament_cmake: 0.9.9 (/opt/ros/foxy/share/ament_cmake/cmake)
[0.322s] -- Using PYTHON_EXECUTABLE: /bin/python3
[1.173s] -- Found rclcpp: 2.4.1 (/opt/ros/foxy/share/rclcpp/cmake)
[1.349s] -- Using all available rosidl_typesupport_c: rosidl_typesupport_fastrtps_c;rosidl_typesupport_introspection_c
[1.362s] -- Found rosidl_adapter: 1.2.1 (/opt/ros/foxy/share/rosidl_adapter/cmake)
[2.341s] -- Using all available rosidl_typesupport_cpp: rosidl_typesupport_fastrtps_cpp;rosidl_typesupport_introspection_cpp
[2.523s] -- Found rmw_implementation_cmake: 1.0.3 (/opt/ros/foxy/share/rmw_implementation_cmake/cmake)
[2.528s] -- Using RMW implementation 'rmw_fastrtps_cpp' as default
[3.045s] -- Found ament_lint_auto: 0.9.6 (/opt/ros/foxy/share/ament_lint_auto/cmake)
[3.323s] -- Added test 'copyright' to check source files copyright and LICENSE
[3.329s] -- Added test 'cppcheck' to perform static code analysis on C / C++ code
[3.330s] -- Configured cppcheck include dirs: 
[3.330s] -- Configured cppcheck exclude dirs and/or files: 
[3.335s] -- Added test 'cpplint' to check C / C++ code against the Google style
[3.336s] -- Configured cpplint exclude dirs and/or files: 
[3.339s] -- Added test 'lint_cmake' to check CMake code style
[3.345s] -- Added test 'uncrustify' to check C / C++ code style
[3.345s] -- Configured uncrustify additional arguments: 
[3.347s] -- Added test 'xmllint' to check XML markup files
[3.365s] -- Configuring done
[3.380s] -- Generating done
[3.387s] -- Build files have been written to: /home/pi4/ros2_test/build/gpio_test
[3.535s] [ 50%] [32mBuilding CXX object CMakeFiles/gpio.dir/src/gpio.cpp.o[0m
[3.600s] [01m[K/home/pi4/ros2_test/src/gpio_test/src/gpio.cpp:3:10:[m[K [01;31m[Kfatal error: [m[Krclcpp/rclcpp.hpp: No such file or directory
[3.601s]     3 | #include [01;31m[K<rclcpp/rclcpp.hpp>[m[K
[3.602s]       |          [01;31m[K^~~~~~~~~~~~~~~~~~~[m[K
[3.602s] compilation terminated.
[3.605s] make[2]: *** [CMakeFiles/gpio.dir/build.make:63: CMakeFiles/gpio.dir/src/gpio.cpp.o] Error 1
[3.607s] make[1]: *** [CMakeFiles/Makefile2:78: CMakeFiles/gpio.dir/all] Error 2
[3.607s] make: *** [Makefile:141: all] Error 2
[3.612s] Invoked command in '/home/pi4/ros2_test/build/gpio_test' returned '2': CMAKE_PREFIX_PATH=/opt/ros/foxy /bin/cmake --build /home/pi4/ros2_test/build/gpio_test -- -j4 -l4
