[01m[K/home/pi4/ros2_test/src/gpio_test/src/gpio2.cpp:[m[K In function â€˜[01m[Kint main(int, char**)[m[Kâ€™:
[01m[K/home/pi4/ros2_test/src/gpio_test/src/gpio2.cpp:26:5:[m[K [01;31m[Kerror: [m[Kâ€˜[01m[KgpioInitialize[m[Kâ€™ was not declared in this scope; did you mean â€˜[01m[KgpioInitialise[m[Kâ€™?
   26 |     [01;31m[KgpioInitialize[m[K();
      |     [01;31m[K^~~~~~~~~~~~~~[m[K
      |     [32m[KgpioInitialise[m[K
make[2]: *** [CMakeFiles/gpio.dir/build.make:63: CMakeFiles/gpio.dir/src/gpio2.cpp.o] Error 1
make[1]: *** [CMakeFiles/Makefile2:78: CMakeFiles/gpio.dir/all] Error 2
make: *** [Makefile:141: all] Error 2
