[0.103s] Invoking command in '/home/pi4/ros2_test/build/gpio_test': CMAKE_PREFIX_PATH=/opt/ros/foxy /bin/cmake --build /home/pi4/ros2_test/build/gpio_test -- -j4 -l4
[0.283s] -- Found ament_cmake: 0.9.9 (/opt/ros/foxy/share/ament_cmake/cmake)
[0.406s] -- Using PYTHON_EXECUTABLE: /bin/python3
[1.406s] -- Found rclcpp: 2.4.1 (/opt/ros/foxy/share/rclcpp/cmake)
[1.653s] -- Using all available rosidl_typesupport_c: rosidl_typesupport_fastrtps_c;rosidl_typesupport_introspection_c
[1.686s] -- Found rosidl_adapter: 1.2.1 (/opt/ros/foxy/share/rosidl_adapter/cmake)
[2.778s] -- Using all available rosidl_typesupport_cpp: rosidl_typesupport_fastrtps_cpp;rosidl_typesupport_introspection_cpp
[3.048s] -- Found rmw_implementation_cmake: 1.0.3 (/opt/ros/foxy/share/rmw_implementation_cmake/cmake)
[3.061s] -- Using RMW implementation 'rmw_fastrtps_cpp' as default
[3.689s] -- Found ament_lint_auto: 0.9.6 (/opt/ros/foxy/share/ament_lint_auto/cmake)
[4.036s] -- Added test 'copyright' to check source files copyright and LICENSE
[4.044s] -- Added test 'cppcheck' to perform static code analysis on C / C++ code
[4.044s] -- Configured cppcheck include dirs: 
[4.045s] -- Configured cppcheck exclude dirs and/or files: 
[4.052s] -- Added test 'cpplint' to check C / C++ code against the Google style
[4.053s] -- Configured cpplint exclude dirs and/or files: 
[4.058s] -- Added test 'lint_cmake' to check CMake code style
[4.069s] -- Added test 'uncrustify' to check C / C++ code style
[4.069s] -- Configured uncrustify additional arguments: 
[4.073s] -- Added test 'xmllint' to check XML markup files
[4.097s] -- Configuring done
[4.145s] -- Generating done
[4.154s] -- Build files have been written to: /home/pi4/ros2_test/build/gpio_test
[4.292s] [35m[1mScanning dependencies of target gpio[0m
[4.440s] [ 50%] [32mBuilding CXX object CMakeFiles/gpio.dir/src/gpio2.cpp.o[0m
[10.769s] [01m[K/home/pi4/ros2_test/src/gpio_test/src/gpio2.cpp:[m[K In function â€˜[01m[Kint main(int, char**)[m[Kâ€™:
[10.770s] [01m[K/home/pi4/ros2_test/src/gpio_test/src/gpio2.cpp:26:5:[m[K [01;31m[Kerror: [m[Kâ€˜[01m[KgpioInitialize[m[Kâ€™ was not declared in this scope; did you mean â€˜[01m[KgpioInitialise[m[Kâ€™?
[10.772s]    26 |     [01;31m[KgpioInitialize[m[K();
[10.772s]       |     [01;31m[K^~~~~~~~~~~~~~[m[K
[10.773s]       |     [32m[KgpioInitialise[m[K
[14.379s] make[2]: *** [CMakeFiles/gpio.dir/build.make:63: CMakeFiles/gpio.dir/src/gpio2.cpp.o] Error 1
[14.380s] make[1]: *** [CMakeFiles/Makefile2:78: CMakeFiles/gpio.dir/all] Error 2
[14.380s] make: *** [Makefile:141: all] Error 2
[14.387s] Invoked command in '/home/pi4/ros2_test/build/gpio_test' returned '2': CMAKE_PREFIX_PATH=/opt/ros/foxy /bin/cmake --build /home/pi4/ros2_test/build/gpio_test -- -j4 -l4
