[01m[K/home/pi4/ros2_test/src/gpio_test/src/gpio.cpp:3:10:[m[K [01;31m[Kfatal error: [m[Krclcpp/rclcpp.hpp: No such file or directory
    3 | #include [01;31m[K<rclcpp/rclcpp.hpp>[m[K
      |          [01;31m[K^~~~~~~~~~~~~~~~~~~[m[K
compilation terminated.
make[2]: *** [CMakeFiles/gpio.dir/build.make:63: CMakeFiles/gpio.dir/src/gpio.cpp.o] Error 1
make[1]: *** [CMakeFiles/Makefile2:78: CMakeFiles/gpio.dir/all] Error 2
make: *** [Makefile:141: all] Error 2
