[0.105s] Invoking command in '/home/pi4/ros2_test/build/gpio_test': CMAKE_PREFIX_PATH=${CMAKE_PREFIX_PATH}:/opt/ros/foxy /bin/cmake --build /home/pi4/ros2_test/build/gpio_test -- -j4 -l4
[0.333s] [35m[1mScanning dependencies of target gpio[0m
[0.489s] [ 50%] [32mBuilding CXX object CMakeFiles/gpio.dir/src/I2C_test.cpp.o[0m
[6.726s] In file included from [01m[K/home/pi4/ros2_test/src/gpio_test/src/I2C_test.cpp:10[m[K:
[6.727s] [01m[K/home/pi4/ros2_test/src/gpio_test/include/I2C.hpp:[m[K In member function â€˜[01m[Kvoid I2C::read(unsigned char, char*, unsigned int)[m[Kâ€™:
[6.729s] [01m[K/home/pi4/ros2_test/src/gpio_test/include/I2C.hpp:39:66:[m[K [01;35m[Kwarning: [m[Kunused parameter â€˜[01m[Kcount[m[Kâ€™ [[01;35m[K-Wunused-parameter[m[K]
[6.731s]    39 |     void read(unsigned char reg_addr, char* buffer, [01;35m[Kunsigned int count[m[K){
[6.733s]       |                                                     [01;35m[K~~~~~~~~~~~~~^~~~~[m[K
[6.811s] [01m[K/home/pi4/ros2_test/src/gpio_test/src/I2C_test.cpp:[m[K In function â€˜[01m[Kint main(int, char**)[m[Kâ€™:
[6.812s] [01m[K/home/pi4/ros2_test/src/gpio_test/src/I2C_test.cpp:64:19:[m[K [01;31m[Kerror: [m[Kâ€˜[01m[Kimu_i2c[m[Kâ€™ was not declared in this scope
[6.814s]    64 |     i2c_close(pi, [01;31m[Kimu_i2c[m[K);
[6.817s]       |                   [01;31m[K^~~~~~~[m[K
[10.352s] make[2]: *** [CMakeFiles/gpio.dir/build.make:63: CMakeFiles/gpio.dir/src/I2C_test.cpp.o] Error 1
[10.353s] make[1]: *** [CMakeFiles/Makefile2:78: CMakeFiles/gpio.dir/all] Error 2
[10.354s] make: *** [Makefile:141: all] Error 2
[10.370s] Invoked command in '/home/pi4/ros2_test/build/gpio_test' returned '2': CMAKE_PREFIX_PATH=${CMAKE_PREFIX_PATH}:/opt/ros/foxy /bin/cmake --build /home/pi4/ros2_test/build/gpio_test -- -j4 -l4
