[0.095s] Invoking command in '/home/pi4/ros2_test/build/gpio_test': CMAKE_PREFIX_PATH=${CMAKE_PREFIX_PATH}:/opt/ros/foxy /bin/cmake --build /home/pi4/ros2_test/build/gpio_test -- -j4 -l4
[0.319s] [35m[1mScanning dependencies of target gpio[0m
[0.471s] [ 50%] [32mBuilding CXX object CMakeFiles/gpio.dir/src/I2C_test.cpp.o[0m
[6.576s] In file included from [01m[K/home/pi4/ros2_test/src/gpio_test/src/I2C_test.cpp:10[m[K:
[6.577s] [01m[K/home/pi4/ros2_test/src/gpio_test/include/I2C.hpp:46:2:[m[K [01;31m[Kerror: [m[Kexpected â€˜[01m[K;[m[Kâ€™ after class definition
[6.578s]    46 | }
[6.579s]       |  [01;31m[K^[m[K
[6.580s]       |  [32m[K;[m[K
[6.581s] [01m[K/home/pi4/ros2_test/src/gpio_test/include/I2C.hpp:[m[K In member function â€˜[01m[Kvoid I2C::read(unsigned char, char*, unsigned int)[m[Kâ€™:
[6.582s] [01m[K/home/pi4/ros2_test/src/gpio_test/include/I2C.hpp:39:61:[m[K [01;31m[Kerror: [m[Ktoo many arguments to function â€˜[01m[Kint i2c_read_block_data(int, unsigned int, unsigned int, char*)[m[Kâ€™
[6.583s]    39 |         i2c_read_block_data(pi, i2c, reg_addr, buffer, count[01;31m[K)[m[K;
[6.583s]       |                                                             [01;31m[K^[m[K
[6.584s] In file included from [01m[K/home/pi4/ros2_test/src/gpio_test/src/I2C_test.cpp:1[m[K:
[6.585s] [01m[K/usr/local/include/pigpiod_if2.h:2203:5:[m[K [01;36m[Knote: [m[Kdeclared here
[6.585s]  2203 | int [01;36m[Ki2c_read_block_data[m[K(int pi, unsigned handle, unsigned i2c_reg, char *buf);
[6.586s]       |     [01;36m[K^~~~~~~~~~~~~~~~~~~[m[K
[6.605s] [01m[K/home/pi4/ros2_test/src/gpio_test/src/I2C_test.cpp:[m[K In function â€˜[01m[Kint main(int, char**)[m[Kâ€™:
[6.606s] [01m[K/home/pi4/ros2_test/src/gpio_test/src/I2C_test.cpp:35:36:[m[K [01;31m[Kerror: [m[Kâ€˜[01m[KI2C::I2C(unsigned char, int)[m[Kâ€™ is private within this context
[6.607s]    35 |     I2C i2c(MPU9250_SLAVE_ADDR_HIGH[01;31m[K)[m[K;
[6.608s]       |                                    [01;31m[K^[m[K
[6.608s] In file included from [01m[K/home/pi4/ros2_test/src/gpio_test/src/I2C_test.cpp:10[m[K:
[6.609s] [01m[K/home/pi4/ros2_test/src/gpio_test/include/I2C.hpp:11:5:[m[K [01;36m[Knote: [m[Kdeclared private here
[6.610s]    11 |     [01;36m[KI2C[m[K( unsigned char slave_addr, int i2cBus = 1){
[6.611s]       |     [01;36m[K^~~[m[K
[6.612s] [01m[K/home/pi4/ros2_test/src/gpio_test/src/I2C_test.cpp:35:36:[m[K [01;31m[Kerror: [m[Kâ€˜[01m[KI2C::~I2C()[m[Kâ€™ is private within this context
[6.613s]    35 |     I2C i2c(MPU9250_SLAVE_ADDR_HIGH[01;31m[K)[m[K;
[6.615s]       |                                    [01;31m[K^[m[K
[6.616s] In file included from [01m[K/home/pi4/ros2_test/src/gpio_test/src/I2C_test.cpp:10[m[K:
[6.618s] [01m[K/home/pi4/ros2_test/src/gpio_test/include/I2C.hpp:17:5:[m[K [01;36m[Knote: [m[Kdeclared private here
[6.619s]    17 |     [01;36m[K~[m[KI2C(){
[6.619s]       |     [01;36m[K^[m[K
[6.675s] [01m[K/home/pi4/ros2_test/src/gpio_test/src/I2C_test.cpp:64:19:[m[K [01;31m[Kerror: [m[Kâ€˜[01m[Kimu_i2c[m[Kâ€™ was not declared in this scope
[6.676s]    64 |     i2c_close(pi, [01;31m[Kimu_i2c[m[K);
[6.677s]       |                   [01;31m[K^~~~~~~[m[K
[10.207s] make[2]: *** [CMakeFiles/gpio.dir/build.make:63: CMakeFiles/gpio.dir/src/I2C_test.cpp.o] Error 1
[10.209s] make[1]: *** [CMakeFiles/Makefile2:78: CMakeFiles/gpio.dir/all] Error 2
[10.210s] make: *** [Makefile:141: all] Error 2
[10.216s] Invoked command in '/home/pi4/ros2_test/build/gpio_test' returned '2': CMAKE_PREFIX_PATH=${CMAKE_PREFIX_PATH}:/opt/ros/foxy /bin/cmake --build /home/pi4/ros2_test/build/gpio_test -- -j4 -l4
